  server.cpp
C:\Users\12151\Desktop\summer\server\server\server.cpp(87,36): warning C4244: “参数”: 从“unsigned __int64”转换到“const double”，可能丢失数据
C:\Users\12151\Desktop\summer\server\server\server.cpp(145,23): warning C4244: “参数”: 从“_Ty”转换到“int”，可能丢失数据
          with
          [
              _Ty=double
          ]
C:\Users\12151\Desktop\summer\server\server\server.cpp(145,17): warning C4244: “参数”: 从“_Ty”转换到“int”，可能丢失数据
          with
          [
              _Ty=double
          ]
C:\Users\12151\Desktop\summer\server\server\server.cpp(146,12): warning C4244: “初始化”: 从“_Ty”转换到“int”，可能丢失数据
          with
          [
              _Ty=double
          ]
C:\Users\12151\Desktop\summer\server\server\server.cpp(147,12): warning C4244: “初始化”: 从“_Ty”转换到“int”，可能丢失数据
          with
          [
              _Ty=double
          ]
C:\Users\12151\Desktop\summer\server\server\server.cpp(76,7): warning C4101: “sendBuffer”: 未引用的局部变量
  正在生成代码
  1 of 615 functions ( 0.2%) were compiled, the rest were copied from previous compilation.
    0 functions were new in current compilation
    1 functions had inline decision re-evaluated but remain unchanged
  已完成代码的生成
  server.vcxproj -> C:\Users\12151\Desktop\summer\server\x64\Release\server.exe
